# JRE version: Java(TM) SE Runtime Environment (8.0_05-b13) (build 1.8.0_05-b13)
# Java VM: Java HotSpot(TM) 64-Bit Server VM (25.5-b02 mixed mode windows-amd64 compressed oops)
Heap:
 def new generation   total 115648K, used 73547K [0x00000000a2400000, 0x00000000aa170000, 0x00000000c1800000)
  eden space 102848K,  64% used [0x00000000a2400000, 0x00000000a6510b20, 0x00000000a8870000)
  from space 12800K,  54% used [0x00000000a94f0000, 0x00000000a9bb23f8, 0x00000000aa170000)
  to   space 12800K,   0% used [0x00000000a8870000, 0x00000000a8870000, 0x00000000a94f0000)
 tenured generation   total 256768K, used 16491K [0x00000000c1800000, 0x00000000d12c0000, 0x0000000100000000)
   the space 256768K,   6% used [0x00000000c1800000, 0x00000000c281adf8, 0x00000000c281ae00, 0x00000000d12c0000)
 Metaspace       used 32009K, capacity 32268K, committed 32688K, reserved 1077248K
  class space    used 4836K, capacity 4915K, committed 5040K, reserved 1048576K
GC Heap History (10 events):
Event: 2.653 GC heap before
{Heap before GC invocations=151 (full 0):
 def new generation   total 1152K, used 1078K [0x00000000a2400000, 0x00000000a2540000, 0x00000000c1800000)
  eden space 1024K, 100% used [0x00000000a2400000, 0x00000000a2500000, 0x00000000a2500000)
  from space 128K,  42% used [0x00000000a2520000, 0x00000000a252db38, 0x00000000a2540000)
  to   space 128K,   0% used [0x00000000a2500000, 0x00000000a2500000, 0x00000000a2520000)
 tenured generation   total 256768K, used 16280K [0x00000000c1800000, 0x00000000d12c0000, 0x0000000100000000)
   the space 256768K,   6% used [0x00000000c1800000, 0x00000000c27e63a8, 0x00000000c27e6400, 0x00000000d12c0000)
 Metaspace       used 20763K, capacity 20986K, committed 21248K, reserved 1067008K
  class space    used 2761K, capacity 2816K, committed 2816K, reserved 1048576K
Event: 2.654 GC heap after
Heap after GC invocations=152 (full 0):
 def new generation   total 1152K, used 89K [0x00000000a2400000, 0x00000000a2540000, 0x00000000c1800000)
  eden space 1024K,   0% used [0x00000000a2400000, 0x00000000a2400000, 0x00000000a2500000)
  from space 128K,  69% used [0x00000000a2500000, 0x00000000a2516510, 0x00000000a2520000)
  to   space 128K,   0% used [0x00000000a2520000, 0x00000000a2520000, 0x00000000a2540000)
 tenured generation   total 256768K, used 16280K [0x00000000c1800000, 0x00000000d12c0000, 0x0000000100000000)
   the space 256768K,   6% used [0x00000000c1800000, 0x00000000c27e63a8, 0x00000000c27e6400, 0x00000000d12c0000)
 Metaspace       used 20763K, capacity 20986K, committed 21248K, reserved 1067008K
  class space    used 2761K, capacity 2816K, committed 2816K, reserved 1048576K
}
Event: 2.666 GC heap before
{Heap before GC invocations=152 (full 0):
 def new generation   total 1152K, used 1113K [0x00000000a2400000, 0x00000000a2540000, 0x00000000c1800000)
  eden space 1024K, 100% used [0x00000000a2400000, 0x00000000a2500000, 0x00000000a2500000)
  from space 128K,  69% used [0x00000000a2500000, 0x00000000a2516510, 0x00000000a2520000)
  to   space 128K,   0% used [0x00000000a2520000, 0x00000000a2520000, 0x00000000a2540000)
 tenured generation   total 256768K, used 16280K [0x00000000c1800000, 0x00000000d12c0000, 0x0000000100000000)
   the space 256768K,   6% used [0x00000000c1800000, 0x00000000c27e63a8, 0x00000000c27e6400, 0x00000000d12c0000)
 Metaspace       used 20848K, capacity 21088K, committed 21296K, reserved 1067008K
  class space    used 2788K, capacity 2849K, committed 2864K, reserved 1048576K
Event: 2.667 GC heap after
Heap after GC invocations=153 (full 0):
 def new generation   total 1152K, used 127K [0x00000000a2400000, 0x00000000a2540000, 0x00000000c1800000)
  eden space 1024K,   0% used [0x00000000a2400000, 0x00000000a2400000, 0x00000000a2500000)
  from space 128K,  99% used [0x00000000a2520000, 0x00000000a253ffe8, 0x00000000a2540000)
  to   space 128K,   0% used [0x00000000a2500000, 0x00000000a2500000, 0x00000000a2520000)
 tenured generation   total 256768K, used 16319K [0x00000000c1800000, 0x00000000d12c0000, 0x0000000100000000)
   the space 256768K,   6% used [0x00000000c1800000, 0x00000000c27efed0, 0x00000000c27f0000, 0x00000000d12c0000)
 Metaspace       used 20848K, capacity 21088K, committed 21296K, reserved 1067008K
  class space    used 2788K, capacity 2849K, committed 2864K, reserved 1048576K
}
Event: 2.670 GC heap before
{Heap before GC invocations=153 (full 0):
 def new generation   total 1152K, used 1151K [0x00000000a2400000, 0x00000000a2540000, 0x00000000c1800000)
  eden space 1024K, 100% used [0x00000000a2400000, 0x00000000a2500000, 0x00000000a2500000)
  from space 128K,  99% used [0x00000000a2520000, 0x00000000a253ffe8, 0x00000000a2540000)
  to   space 128K,   0% used [0x00000000a2500000, 0x00000000a2500000, 0x00000000a2520000)
 tenured generation   total 256768K, used 16319K [0x00000000c1800000, 0x00000000d12c0000, 0x0000000100000000)
   the space 256768K,   6% used [0x00000000c1800000, 0x00000000c27efed0, 0x00000000c27f0000, 0x00000000d12c0000)
 Metaspace       used 20887K, capacity 21088K, committed 21296K, reserved 1067008K
  class space    used 2797K, capacity 2849K, committed 2864K, reserved 1048576K
Event: 2.671 GC heap after
Heap after GC invocations=154 (full 0):
 def new generation   total 1152K, used 43K [0x00000000a2400000, 0x00000000a2540000, 0x00000000c1800000)
  eden space 1024K,   0% used [0x00000000a2400000, 0x00000000a2400000, 0x00000000a2500000)
  from space 128K,  34% used [0x00000000a2500000, 0x00000000a250af80, 0x00000000a2520000)
  to   space 128K,   0% used [0x00000000a2520000, 0x00000000a2520000, 0x00000000a2540000)
 tenured generation   total 256768K, used 16418K [0x00000000c1800000, 0x00000000d12c0000, 0x0000000100000000)
   the space 256768K,   6% used [0x00000000c1800000, 0x00000000c2808ab8, 0x00000000c2808c00, 0x00000000d12c0000)
 Metaspace       used 20887K, capacity 21088K, committed 21296K, reserved 1067008K
  class space    used 2797K, capacity 2849K, committed 2864K, reserved 1048576K
}
Event: 2.675 GC heap before
{Heap before GC invocations=154 (full 0):
 def new generation   total 1152K, used 491K [0x00000000a2400000, 0x00000000a2540000, 0x00000000c1800000)
  eden space 1024K,  43% used [0x00000000a2400000, 0x00000000a246ff60, 0x00000000a2500000)
  from space 128K,  34% used [0x00000000a2500000, 0x00000000a250af80, 0x00000000a2520000)
  to   space 128K,   0% used [0x00000000a2520000, 0x00000000a2520000, 0x00000000a2540000)
 tenured generation   total 256768K, used 16418K [0x00000000c1800000, 0x00000000d12c0000, 0x0000000100000000)
   the space 256768K,   6% used [0x00000000c1800000, 0x00000000c2808ab8, 0x00000000c2808c00, 0x00000000d12c0000)
 Metaspace       used 20929K, capacity 21152K, committed 21296K, reserved 1067008K
  class space    used 2805K, capacity 2849K, committed 2864K, reserved 1048576K
Event: 2.692 GC heap after
Heap after GC invocations=155 (full 1):
 def new generation   total 115648K, used 0K [0x00000000a2400000, 0x00000000aa170000, 0x00000000c1800000)
  eden space 102848K,   0% used [0x00000000a2400000, 0x00000000a2400000, 0x00000000a8870000)
  from space 12800K,   0% used [0x00000000a8870000, 0x00000000a8870000, 0x00000000a94f0000)
  to   space 12800K,   0% used [0x00000000a94f0000, 0x00000000a94f0000, 0x00000000aa170000)
 tenured generation   total 256768K, used 16491K [0x00000000c1800000, 0x00000000d12c0000, 0x0000000100000000)
   the space 256768K,   6% used [0x00000000c1800000, 0x00000000c281adf8, 0x00000000c281ae00, 0x00000000d12c0000)
 Metaspace       used 20929K, capacity 21152K, committed 21296K, reserved 1067008K
  class space    used 2805K, capacity 2849K, committed 2864K, reserved 1048576K
}
Event: 3.284 GC heap before
{Heap before GC invocations=155 (full 1):
 def new generation   total 115648K, used 102848K [0x00000000a2400000, 0x00000000aa170000, 0x00000000c1800000)
  eden space 102848K, 100% used [0x00000000a2400000, 0x00000000a8870000, 0x00000000a8870000)
  from space 12800K,   0% used [0x00000000a8870000, 0x00000000a8870000, 0x00000000a94f0000)
  to   space 12800K,   0% used [0x00000000a94f0000, 0x00000000a94f0000, 0x00000000aa170000)
 tenured generation   total 256768K, used 16491K [0x00000000c1800000, 0x00000000d12c0000, 0x0000000100000000)
   the space 256768K,   6% used [0x00000000c1800000, 0x00000000c281adf8, 0x00000000c281ae00, 0x00000000d12c0000)
 Metaspace       used 27277K, capacity 27554K, committed 27952K, reserved 1073152K
  class space    used 4014K, capacity 4076K, committed 4144K, reserved 1048576K
Event: 3.291 GC heap after
Heap after GC invocations=156 (full 1):
 def new generation   total 115648K, used 6920K [0x00000000a2400000, 0x00000000aa170000, 0x00000000c1800000)
  eden space 102848K,   0% used [0x00000000a2400000, 0x00000000a2400000, 0x00000000a8870000)
  from space 12800K,  54% used [0x00000000a94f0000, 0x00000000a9bb23f8, 0x00000000aa170000)
  to   space 12800K,   0% used [0x00000000a8870000, 0x00000000a8870000, 0x00000000a94f0000)
 tenured generation   total 256768K, used 16491K [0x00000000c1800000, 0x00000000d12c0000, 0x0000000100000000)
   the space 256768K,   6% used [0x00000000c1800000, 0x00000000c281adf8, 0x00000000c281ae00, 0x00000000d12c0000)
 Metaspace       used 27277K, capacity 27554K, committed 27952K, reserved 1073152K
  class space    used 4014K, capacity 4076K, committed 4144K, reserved 1048576K
}

